TN:
SF:src\types.ts
FNF:0
FNH:0
DA:1,1
LF:1
LH:1
BRF:0
BRH:0
end_of_record
TN:
SF:src\users\user.entity.ts
FN:6,(anonymous_7)
FN:12,(anonymous_8)
FN:16,(anonymous_9)
FN:20,(anonymous_10)
FN:24,(anonymous_11)
FN:28,(anonymous_13)
FNF:6
FNH:6
FNDA:3,(anonymous_7)
FNDA:1,(anonymous_8)
FNDA:1,(anonymous_9)
FNDA:1,(anonymous_10)
FNDA:1,(anonymous_11)
FNDA:2,(anonymous_13)
DA:1,1
DA:3,1
DA:6,3
DA:7,3
DA:8,2
DA:13,1
DA:17,1
DA:21,1
DA:25,1
DA:29,2
LF:10
LH:10
BRDA:7,0,0,2
BRF:1
BRH:1
end_of_record
TN:
SF:src\users\user.service.ts
FN:13,(anonymous_11)
FN:19,(anonymous_12)
FN:30,(anonymous_14)
FN:39,(anonymous_16)
FNF:4
FNH:3
FNDA:1,(anonymous_11)
FNDA:1,(anonymous_12)
FNDA:3,(anonymous_14)
FNDA:0,(anonymous_16)
DA:4,1
DA:5,1
DA:6,1
DA:12,1
DA:14,1
DA:15,1
DA:20,1
DA:21,1
DA:22,1
DA:23,1
DA:24,1
DA:25,0
DA:27,1
DA:31,3
DA:32,3
DA:33,1
DA:35,2
DA:36,2
DA:40,0
LF:19
LH:17
BRDA:24,0,0,0
BRDA:32,1,0,1
BRF:2
BRH:1
end_of_record
